<?xml version="1.0" encoding="UTF-8"?>
<!-- Generated by org.testng.reporters.JUnitReportReporter -->
<testsuite hostname="mucnblo029" failures="0" tests="3" name="TestCases.GivenTestCase" time="16.483" errors="0" timestamp="2021-02-28T17:40:59 CET" skipped="0">
  <testcase classname="TestCases.GivenTestCase" name="printStatus" time="0.005"/>
  <system-out/>
  <testcase classname="TestCases.GivenTestCase" name="ClickOnCreditCard" time="0.702"/>
  <system-out/>
  <testcase classname="TestCases.GivenTestCase" name="EnterEmail" time="15.776"/>
  <system-out/>
</testsuite> <!-- TestCases.GivenTestCase -->
