<?xml version="1.0" encoding="UTF-8"?>
<!-- Generated by org.testng.reporters.JUnitReportReporter -->
<testsuite hostname="mucnblo029" failures="0" tests="2" name="TestCases.GivenTestCase" time="18.428" errors="0" timestamp="2021-02-28T20:27:05 CET" skipped="0">
  <testcase classname="TestCases.GivenTestCase" name="ClickOnCreditCard" time="3.392"/>
  <system-out/>
  <testcase classname="TestCases.GivenTestCase" name="EnterEmail" time="15.036"/>
  <system-out/>
</testsuite> <!-- TestCases.GivenTestCase -->
